2021-11-04 10:42:41.752  WARN 14848 --- [HikariPool-4 housekeeper] com.zaxxer.hikari.pool.HikariPool        : HikariPool-4 - Thread starvation or clock leap detected (housekeeper delta=22h16m52s253ms849µs800ns).
2021-11-04 10:42:47.671  WARN 14848 --- [HikariPool-3 housekeeper] com.zaxxer.hikari.pool.HikariPool        : HikariPool-3 - Thread starvation or clock leap detected (housekeeper delta=19h16m50s763ms505µs600ns).
2021-11-04 10:42:49.595  WARN 14848 --- [HikariPool-1 housekeeper] com.zaxxer.hikari.pool.HikariPool        : HikariPool-1 - Thread starvation or clock leap detected (housekeeper delta=19h16m50s810ms717µs600ns).
2021-11-04 10:42:53.036  WARN 14848 --- [HikariPool-6 housekeeper] com.zaxxer.hikari.pool.HikariPool        : HikariPool-6 - Thread starvation or clock leap detected (housekeeper delta=19h16m50s750ms104µs100ns).
2021-11-04 10:42:53.099  WARN 14848 --- [HikariPool-7 housekeeper] com.zaxxer.hikari.pool.HikariPool        : HikariPool-7 - Thread starvation or clock leap detected (housekeeper delta=19h16m50s756ms736µs700ns).
2021-11-04 15:15:10.860  WARN 14848 --- [HikariPool-1 housekeeper] com.zaxxer.hikari.pool.HikariPool        : HikariPool-1 - Thread starvation or clock leap detected (housekeeper delta=2h52m19s680ms970µs500ns).
2021-11-04 15:15:14.344  WARN 14848 --- [HikariPool-6 housekeeper] com.zaxxer.hikari.pool.HikariPool        : HikariPool-6 - Thread starvation or clock leap detected (housekeeper delta=2h52m19s681ms941µs500ns).
2021-11-04 15:15:14.344  WARN 14848 --- [HikariPool-7 housekeeper] com.zaxxer.hikari.pool.HikariPool        : HikariPool-7 - Thread starvation or clock leap detected (housekeeper delta=2h52m19s681ms935µs500ns).
2021-11-04 15:15:33.671  WARN 14848 --- [HikariPool-4 housekeeper] com.zaxxer.hikari.pool.HikariPool        : HikariPool-4 - Thread starvation or clock leap detected (housekeeper delta=2h52m19s685ms303µs700ns).
2021-11-04 15:15:38.945  WARN 14848 --- [HikariPool-3 housekeeper] com.zaxxer.hikari.pool.HikariPool        : HikariPool-3 - Thread starvation or clock leap detected (housekeeper delta=2h52m19s679ms749µs100ns).
2021-11-04 16:42:48.345  INFO 14848 --- [http-nio-8088-exec-8] com.zaxxer.hikari.HikariDataSource       : HikariPool-8 - Starting...
2021-11-04 16:42:48.434  INFO 14848 --- [http-nio-8088-exec-8] com.zaxxer.hikari.HikariDataSource       : HikariPool-8 - Start completed.
2021-11-04 16:46:02.423  INFO 14848 --- [RMI TCP Connection(377)-127.0.0.1] inMXBeanRegistrar$SpringApplicationAdmin : Application shutdown requested.
2021-11-04 16:46:02.449  INFO 14848 --- [RMI TCP Connection(377)-127.0.0.1] ConfigServletWebServerApplicationContext : Closing org.springframework.boot.web.servlet.context.AnnotationConfigServletWebServerApplicationContext@b4c6f8b: startup date [Wed Nov 03 11:28:18 IST 2021]; root of context hierarchy
2021-11-04 16:46:02.574  INFO 14848 --- [RMI TCP Connection(377)-127.0.0.1] o.s.c.support.DefaultLifecycleProcessor  : Stopping beans in phase 2147483647
2021-11-04 16:46:02.933  INFO 14848 --- [RMI TCP Connection(377)-127.0.0.1] o.s.j.e.a.AnnotationMBeanExporter        : Unregistering JMX-exposed beans on shutdown
2021-11-04 16:46:02.933  INFO 14848 --- [RMI TCP Connection(377)-127.0.0.1] o.s.j.e.a.AnnotationMBeanExporter        : Unregistering JMX-exposed beans
2021-11-04 16:46:03.011  INFO 14848 --- [RMI TCP Connection(377)-127.0.0.1] j.LocalContainerEntityManagerFactoryBean : Closing JPA EntityManagerFactory for persistence unit 'default'
2021-11-04 16:46:03.090  INFO 14848 --- [RMI TCP Connection(377)-127.0.0.1] com.zaxxer.hikari.HikariDataSource       : HikariPool-7 - Shutdown initiated...
2021-11-04 16:46:03.105  INFO 14848 --- [RMI TCP Connection(377)-127.0.0.1] com.zaxxer.hikari.HikariDataSource       : HikariPool-7 - Shutdown completed.
2021-11-04 16:46:03.105  INFO 14848 --- [RMI TCP Connection(377)-127.0.0.1] j.LocalContainerEntityManagerFactoryBean : Closing JPA EntityManagerFactory for persistence unit 'default'
2021-11-04 16:46:33.325  INFO 6720 --- [restartedMain] c.s.SchoolmonitorApplication             : Starting SchoolmonitorApplication on LAPTOP-GDFRR80K with PID 6720 (D:\SchoolmonitorBackend\target\classes started by Prabhjeet Singh in D:\SchoolmonitorBackend)
2021-11-04 16:46:33.325  INFO 6720 --- [restartedMain] c.s.SchoolmonitorApplication             : No active profile set, falling back to default profiles: default
2021-11-04 16:46:33.356  INFO 6720 --- [restartedMain] ConfigServletWebServerApplicationContext : Refreshing org.springframework.boot.web.servlet.context.AnnotationConfigServletWebServerApplicationContext@250900c1: startup date [Thu Nov 04 16:46:33 IST 2021]; root of context hierarchy
2021-11-04 16:46:34.371  INFO 6720 --- [restartedMain] .s.d.r.c.RepositoryConfigurationDelegate : Multiple Spring Data modules found, entering strict repository configuration mode!
2021-11-04 16:46:34.439  INFO 6720 --- [restartedMain] .s.d.r.c.RepositoryConfigurationDelegate : Multiple Spring Data modules found, entering strict repository configuration mode!
2021-11-04 16:46:34.595  INFO 6720 --- [restartedMain] .s.d.r.c.RepositoryConfigurationDelegate : Multiple Spring Data modules found, entering strict repository configuration mode!
2021-11-04 16:46:34.611  INFO 6720 --- [restartedMain] .RepositoryConfigurationExtensionSupport : Spring Data Redis - Could not safely identify store assignment for repository candidate interface com.schoolmonitor.repositories.schoolmonitor.AddressRepository.
2021-11-04 16:46:34.611  INFO 6720 --- [restartedMain] .RepositoryConfigurationExtensionSupport : Spring Data Redis - Could not safely identify store assignment for repository candidate interface com.schoolmonitor.repositories.schoolmonitor.CredentialsRepository.
2021-11-04 16:46:34.611  INFO 6720 --- [restartedMain] .RepositoryConfigurationExtensionSupport : Spring Data Redis - Could not safely identify store assignment for repository candidate interface com.schoolmonitor.repositories.schoolmonitor.SchoolSpecificesRepository.
2021-11-04 16:46:34.611  INFO 6720 --- [restartedMain] .RepositoryConfigurationExtensionSupport : Spring Data Redis - Could not safely identify store assignment for repository candidate interface com.schoolmonitor.repositories.schoolmonitor.StudentRepository.
2021-11-04 16:46:34.611  INFO 6720 --- [restartedMain] .RepositoryConfigurationExtensionSupport : Spring Data Redis - Could not safely identify store assignment for repository candidate interface com.schoolmonitor.repositories.schoolmonitor.TeachersRepository.
2021-11-04 16:46:34.611  INFO 6720 --- [restartedMain] .RepositoryConfigurationExtensionSupport : Spring Data Redis - Could not safely identify store assignment for repository candidate interface com.schoolmonitor.repositories.schools.SchoolRepository.
2021-11-04 16:46:34.611  INFO 6720 --- [restartedMain] .RepositoryConfigurationExtensionSupport : Spring Data Redis - Could not safely identify store assignment for repository candidate interface com.schoolmonitor.repositories.schools.SubscriptionRepository.
2021-11-04 16:46:34.970  INFO 6720 --- [restartedMain] trationDelegate$BeanPostProcessorChecker : Bean 'org.springframework.cache.annotation.ProxyCachingConfiguration' of type [org.springframework.cache.annotation.ProxyCachingConfiguration$$EnhancerBySpringCGLIB$$4c317245] is not eligible for getting processed by all BeanPostProcessors (for example: not eligible for auto-proxying)
2021-11-04 16:46:35.001  INFO 6720 --- [restartedMain] trationDelegate$BeanPostProcessorChecker : Bean 'org.springframework.transaction.annotation.ProxyTransactionManagementConfiguration' of type [org.springframework.transaction.annotation.ProxyTransactionManagementConfiguration$$EnhancerBySpringCGLIB$$31f3c27] is not eligible for getting processed by all BeanPostProcessors (for example: not eligible for auto-proxying)
2021-11-04 16:46:35.564  INFO 6720 --- [restartedMain] o.s.b.w.embedded.tomcat.TomcatWebServer  : Tomcat initialized with port(s): 8088 (http)
2021-11-04 16:46:35.578  INFO 6720 --- [restartedMain] o.apache.catalina.core.StandardService   : Starting service [Tomcat]
2021-11-04 16:46:35.578  INFO 6720 --- [restartedMain] org.apache.catalina.core.StandardEngine  : Starting Servlet Engine: Apache Tomcat/8.5.31
2021-11-04 16:46:35.594  INFO 6720 --- [localhost-startStop-1] o.a.catalina.core.AprLifecycleListener   : The APR based Apache Tomcat Native library which allows optimal performance in production environments was not found on the java.library.path: [C:\Program Files\Java\jdk1.8.0_144\bin;C:\WINDOWS\Sun\Java\bin;C:\WINDOWS\system32;C:\WINDOWS;C:\Program Files\Java\jdk1.8.0_144\jre\bin;C:/Program Files/Java/jre1.8.0_144/bin/server;C:/Program Files/Java/jre1.8.0_144/bin;C:/Program Files/Java/jre1.8.0_144/lib/amd64;C:\Program Files\Python37\Scripts\;C:\Program Files\Python37\;C:\ProgramData\Oracle\Java\javapath;C:\Program Files (x86)\Intel\Intel(R) Management Engine Components\iCLS\;C:\Program Files\Intel\Intel(R) Management Engine Components\iCLS\;C:\Windows\system32;C:\Windows;C:\Windows\System32\Wbem;C:\Windows\System32\WindowsPowerShell\v1.0\;C:\Windows\System32\OpenSSH\;C:\Program Files (x86)\Intel\Intel(R) Management Engine Components\DAL;C:\Program Files\Intel\Intel(R) Management Engine Components\DAL;C:\Program Files (x86)\Intel\Intel(R) Management Engine Components\IPT;C:\Program Files\Intel\Intel(R) Management Engine Components\IPT;C:\Program Files (x86)\NVIDIA Corporation\PhysX\Common;C:\Program Files (x86)\GitExtensions\;C:\Program Files\Git\cmd;C:\Program Files\Java\jdk1.8.0_144\bin;C:\Program Files\apache-maven-3.3.9\bin;C:\WINDOWS\system32;C:\WINDOWS;C:\WINDOWS\System32\Wbem;C:\WINDOWS\System32\WindowsPowerShell\v1.0\;C:\WINDOWS\System32\OpenSSH\;C:\Program Files\PuTTY\;C:\Program Files\Amazon\AWSCLIV2\;C:\Program Files\nodejs\;C:\Users\Prabhjeet Singh\AppData\Local\Programs\Python\Python39\Scripts\;C:\Users\Prabhjeet Singh\AppData\Local\Programs\Python\Python39\;C:\Users\Prabhjeet Singh\AppData\Local\Microsoft\WindowsApps;C:\kafka_2.11-2.0.0\bin\windows;C:\Program Files\JetBrains\IntelliJ IDEA Community Edition 2020.2.2\bin;;C:\Program Files\Microsoft VS Code\bin;C:\Program Files\Amazon\AWSCLIV2;C:\Users\Prabhjeet Singh\AppData\Roaming\npm;C:\Users\Prabhjeet Singh\AppData\Local\Programs\Python\Python39\Scripts;;C:\Users\Prabhjeet Singh\.ebcli-virtual-env\executables;D:\softwares\sts-bundle\sts-3.9.2.RELEASE;;.]
2021-11-04 16:46:35.828  INFO 6720 --- [localhost-startStop-1] o.a.c.c.C.[Tomcat].[localhost].[/]       : Initializing Spring embedded WebApplicationContext
2021-11-04 16:46:35.828  INFO 6720 --- [localhost-startStop-1] o.s.web.context.ContextLoader            : Root WebApplicationContext: initialization completed in 2472 ms
2021-11-04 16:46:36.687  INFO 6720 --- [localhost-startStop-1] j.LocalContainerEntityManagerFactoryBean : Building JPA container EntityManagerFactory for persistence unit 'default'
2021-11-04 16:46:36.723  INFO 6720 --- [localhost-startStop-1] o.hibernate.jpa.internal.util.LogHelper  : HHH000204: Processing PersistenceUnitInfo [
	name: default
	...]
2021-11-04 16:46:36.816  INFO 6720 --- [localhost-startStop-1] org.hibernate.Version                    : HHH000412: Hibernate Core {5.2.17.Final}
2021-11-04 16:46:36.832  INFO 6720 --- [localhost-startStop-1] org.hibernate.cfg.Environment            : HHH000206: hibernate.properties not found
2021-11-04 16:46:36.926  INFO 6720 --- [localhost-startStop-1] o.hibernate.annotations.common.Version   : HCANN000001: Hibernate Commons Annotations {5.0.1.Final}
2021-11-04 16:46:37.254  INFO 6720 --- [localhost-startStop-1] com.zaxxer.hikari.HikariDataSource       : HikariPool-1 - Starting...
2021-11-04 16:46:37.582  INFO 6720 --- [localhost-startStop-1] com.zaxxer.hikari.HikariDataSource       : HikariPool-1 - Start completed.
2021-11-04 16:46:37.597  INFO 6720 --- [localhost-startStop-1] org.hibernate.dialect.Dialect            : HHH000400: Using dialect: org.hibernate.dialect.MySQL5InnoDBDialect
2021-11-04 16:46:38.332  INFO 6720 --- [localhost-startStop-1] o.h.h.i.QueryTranslatorFactoryInitiator  : HHH000397: Using ASTQueryTranslatorFactory
2021-11-04 16:46:38.421  INFO 6720 --- [localhost-startStop-1] j.LocalContainerEntityManagerFactoryBean : Initialized JPA EntityManagerFactory for persistence unit 'default'
2021-11-04 16:46:38.499  INFO 6720 --- [localhost-startStop-1] com.zaxxer.hikari.HikariDataSource       : HikariPool-2 - Starting...
2021-11-04 16:46:38.514  INFO 6720 --- [localhost-startStop-1] com.zaxxer.hikari.HikariDataSource       : HikariPool-2 - Start completed.
2021-11-04 16:46:38.546  INFO 6720 --- [localhost-startStop-1] j.LocalContainerEntityManagerFactoryBean : Building JPA container EntityManagerFactory for persistence unit 'default'
2021-11-04 16:46:38.546  INFO 6720 --- [localhost-startStop-1] o.hibernate.jpa.internal.util.LogHelper  : HHH000204: Processing PersistenceUnitInfo [
	name: default
	...]
2021-11-04 16:46:38.577  INFO 6720 --- [localhost-startStop-1] org.hibernate.dialect.Dialect            : HHH000400: Using dialect: org.hibernate.dialect.MySQL5InnoDBDialect
2021-11-04 16:46:38.608  INFO 6720 --- [localhost-startStop-1] o.h.h.i.QueryTranslatorFactoryInitiator  : HHH000397: Using ASTQueryTranslatorFactory
2021-11-04 16:46:38.608  INFO 6720 --- [localhost-startStop-1] j.LocalContainerEntityManagerFactoryBean : Initialized JPA EntityManagerFactory for persistence unit 'default'
2021-11-04 16:46:39.639  INFO 6720 --- [localhost-startStop-1] o.s.b.w.servlet.FilterRegistrationBean   : Mapping filter: 'characterEncodingFilter' to: [/*]
2021-11-04 16:46:39.641  INFO 6720 --- [localhost-startStop-1] o.s.b.w.servlet.FilterRegistrationBean   : Mapping filter: 'hiddenHttpMethodFilter' to: [/*]
2021-11-04 16:46:39.641  INFO 6720 --- [localhost-startStop-1] o.s.b.w.servlet.FilterRegistrationBean   : Mapping filter: 'httpPutFormContentFilter' to: [/*]
2021-11-04 16:46:39.641  INFO 6720 --- [localhost-startStop-1] o.s.b.w.servlet.FilterRegistrationBean   : Mapping filter: 'requestContextFilter' to: [/*]
2021-11-04 16:46:39.641  INFO 6720 --- [localhost-startStop-1] .s.DelegatingFilterProxyRegistrationBean : Mapping filter: 'springSecurityFilterChain' to: [/*]
2021-11-04 16:46:39.641  INFO 6720 --- [localhost-startStop-1] o.s.b.w.servlet.FilterRegistrationBean   : Mapping filter: 'jwtTokenFilter' to: [/*]
2021-11-04 16:46:39.641  INFO 6720 --- [localhost-startStop-1] o.s.b.w.servlet.ServletRegistrationBean  : Servlet dispatcherServlet mapped to [/]
2021-11-04 16:46:39.642  INFO 6720 --- [localhost-startStop-1] o.s.b.w.servlet.ServletRegistrationBean  : Servlet webServlet mapped to [/h2-console/*]
2021-11-04 16:46:39.751 DEBUG 6720 --- [restartedMain] o.s.c.a.AnnotationCacheOperationSource   : Adding cacheable method 'searchOnlineCoursework' with attribute: [Builder[public java.lang.Object com.schoolmonitor.service.OnlineCourseworkServiceImpl.searchOnlineCoursework(com.schoolmonitor.model.SearchInputModel) throws java.io.IOException] caches=[searchCache] | key='#root.args[0].searchTerm.concat('-').concat(#root.args[0].currentPage)' | keyGenerator='' | cacheManager='schoolmonitorCacheManager' | cacheResolver='' | condition='' | unless='' | sync='false']
2021-11-04 16:46:40.704  WARN 6720 --- [restartedMain] aWebConfiguration$JpaWebMvcConfiguration : spring.jpa.open-in-view is enabled by default. Therefore, database queries may be performed during view rendering. Explicitly configure spring.jpa.open-in-view to disable this warning
2021-11-04 16:46:40.843  INFO 6720 --- [restartedMain] s.w.s.m.m.a.RequestMappingHandlerMapping : Mapped "{[/schoolmonitor/searchOnlineCoursework],methods=[POST],headers=[Authorization]}" onto public org.springframework.http.ResponseEntity<?> com.schoolmonitor.controller.OnlineCourseworkController.searchOnlineCoursework(com.schoolmonitor.model.SearchInputModel) throws java.io.IOException
2021-11-04 16:46:40.843  INFO 6720 --- [restartedMain] s.w.s.m.m.a.RequestMappingHandlerMapping : Mapped "{[/schoolmonitor/schoolDomains],methods=[GET]}" onto public org.springframework.http.ResponseEntity<?> com.schoolmonitor.controller.SchoolsController.studentDataUpload()
2021-11-04 16:46:40.843  INFO 6720 --- [restartedMain] s.w.s.m.m.a.RequestMappingHandlerMapping : Mapped "{[/schoolmonitor/studentDataUpload],methods=[POST],headers=[Authorization],consumes=[multipart/form-data]}" onto public org.springframework.http.ResponseEntity<?> com.schoolmonitor.controller.StudentDataUploadController.studentDataUpload(org.springframework.web.multipart.MultipartFile)
2021-11-04 16:46:40.843  INFO 6720 --- [restartedMain] s.w.s.m.m.a.RequestMappingHandlerMapping : Mapped "{[/auth/signin],methods=[POST]}" onto public org.springframework.http.ResponseEntity<?> com.schoolmonitor.security.AuthController.signin(com.schoolmonitor.security.AuthenticationRequest,org.apache.catalina.servlet4preview.http.HttpServletRequest)
2021-11-04 16:46:40.843  INFO 6720 --- [restartedMain] s.w.s.m.m.a.RequestMappingHandlerMapping : Mapped "{[/auth/changePassword],methods=[POST]}" onto public org.springframework.http.ResponseEntity<?> com.schoolmonitor.security.AuthController.changePassword(com.schoolmonitor.model.ChangePasswordDTO) throws javax.mail.SendFailedException
2021-11-04 16:46:40.843  INFO 6720 --- [restartedMain] s.w.s.m.m.a.RequestMappingHandlerMapping : Mapped "{[/auth/OneTimePassword],methods=[POST]}" onto public org.springframework.http.ResponseEntity<?> com.schoolmonitor.security.AuthController.verifyEmailAndSendOTP(com.schoolmonitor.model.PasswordRecoveryDTO) throws javax.mail.SendFailedException
2021-11-04 16:46:40.843  INFO 6720 --- [restartedMain] s.w.s.m.m.a.RequestMappingHandlerMapping : Mapped "{[/swagger-resources]}" onto public org.springframework.http.ResponseEntity<java.util.List<springfox.documentation.swagger.web.SwaggerResource>> springfox.documentation.swagger.web.ApiResourceController.swaggerResources()
2021-11-04 16:46:40.843  INFO 6720 --- [restartedMain] s.w.s.m.m.a.RequestMappingHandlerMapping : Mapped "{[/swagger-resources/configuration/ui]}" onto public org.springframework.http.ResponseEntity<springfox.documentation.swagger.web.UiConfiguration> springfox.documentation.swagger.web.ApiResourceController.uiConfiguration()
2021-11-04 16:46:40.843  INFO 6720 --- [restartedMain] s.w.s.m.m.a.RequestMappingHandlerMapping : Mapped "{[/swagger-resources/configuration/security]}" onto public org.springframework.http.ResponseEntity<springfox.documentation.swagger.web.SecurityConfiguration> springfox.documentation.swagger.web.ApiResourceController.securityConfiguration()
2021-11-04 16:46:40.843  INFO 6720 --- [restartedMain] s.w.s.m.m.a.RequestMappingHandlerMapping : Mapped "{[/error]}" onto public org.springframework.http.ResponseEntity<java.util.Map<java.lang.String, java.lang.Object>> org.springframework.boot.autoconfigure.web.servlet.error.BasicErrorController.error(javax.servlet.http.HttpServletRequest)
2021-11-04 16:46:40.858  INFO 6720 --- [restartedMain] s.w.s.m.m.a.RequestMappingHandlerMapping : Mapped "{[/error],produces=[text/html]}" onto public org.springframework.web.servlet.ModelAndView org.springframework.boot.autoconfigure.web.servlet.error.BasicErrorController.errorHtml(javax.servlet.http.HttpServletRequest,javax.servlet.http.HttpServletResponse)
2021-11-04 16:46:41.358  INFO 6720 --- [restartedMain] pertySourcedRequestMappingHandlerMapping : Mapped URL path [/v2/api-docs] onto method [public org.springframework.http.ResponseEntity<springfox.documentation.spring.web.json.Json> springfox.documentation.swagger2.web.Swagger2Controller.getDocumentation(java.lang.String,javax.servlet.http.HttpServletRequest)]
2021-11-04 16:46:41.952  INFO 6720 --- [restartedMain] o.s.s.web.DefaultSecurityFilterChain     : Creating filter chain: org.springframework.security.web.util.matcher.AnyRequestMatcher@1, [org.springframework.security.web.context.request.async.WebAsyncManagerIntegrationFilter@3cdba63a, org.springframework.security.web.context.SecurityContextPersistenceFilter@46f3735, org.springframework.security.web.header.HeaderWriterFilter@63dc80ee, org.springframework.web.filter.CorsFilter@3bb7f267, org.springframework.security.web.authentication.logout.LogoutFilter@6a599fd6, com.schoolmonitor.security.JwtTokenFilter@6de43d38, org.springframework.security.web.savedrequest.RequestCacheAwareFilter@3e10cb7d, org.springframework.security.web.servletapi.SecurityContextHolderAwareRequestFilter@1b0ed050, org.springframework.security.web.authentication.AnonymousAuthenticationFilter@e39a5b4, org.springframework.security.web.session.SessionManagementFilter@19d22f35, org.springframework.security.web.access.ExceptionTranslationFilter@6d86a3bf, org.springframework.security.web.access.intercept.FilterSecurityInterceptor@3745ca53]
2021-11-04 16:46:42.076  INFO 6720 --- [restartedMain] o.s.w.s.handler.SimpleUrlHandlerMapping  : Mapped URL path [/**/favicon.ico] onto handler of type [class org.springframework.web.servlet.resource.ResourceHttpRequestHandler]
2021-11-04 16:46:42.279  INFO 6720 --- [restartedMain] s.w.s.m.m.a.RequestMappingHandlerAdapter : Looking for @ControllerAdvice: org.springframework.boot.web.servlet.context.AnnotationConfigServletWebServerApplicationContext@250900c1: startup date [Thu Nov 04 16:46:33 IST 2021]; root of context hierarchy
2021-11-04 16:46:42.342  INFO 6720 --- [restartedMain] o.s.w.s.handler.SimpleUrlHandlerMapping  : Mapped URL path [/webjars/**] onto handler of type [class org.springframework.web.servlet.resource.ResourceHttpRequestHandler]
2021-11-04 16:46:42.342  INFO 6720 --- [restartedMain] o.s.w.s.handler.SimpleUrlHandlerMapping  : Mapped URL path [/**] onto handler of type [class org.springframework.web.servlet.resource.ResourceHttpRequestHandler]
2021-11-04 16:46:42.358  INFO 6720 --- [restartedMain] .m.m.a.ExceptionHandlerExceptionResolver : Detected @ExceptionHandler methods in globalExceptionHandler
2021-11-04 16:46:42.389  INFO 6720 --- [restartedMain] o.s.b.a.w.s.WelcomePageHandlerMapping    : Adding welcome page: class path resource [static/index.html]
2021-11-04 16:46:43.467  WARN 6720 --- [restartedMain] o.s.data.convert.CustomConversions       : Registering converter from class org.joda.time.LocalDateTime to class java.time.LocalDateTime as reading converter although it doesn't convert from a store-supported type! You might wanna check you annotation setup at the converter implementation.
2021-11-04 16:46:43.482  WARN 6720 --- [restartedMain] o.s.data.convert.CustomConversions       : Registering converter from class org.joda.time.LocalDateTime to class java.time.LocalDateTime as reading converter although it doesn't convert from a store-supported type! You might wanna check you annotation setup at the converter implementation.
2021-11-04 16:46:43.497  WARN 6720 --- [restartedMain] o.s.data.convert.CustomConversions       : Registering converter from class org.joda.time.LocalDateTime to class java.time.LocalDateTime as reading converter although it doesn't convert from a store-supported type! You might wanna check you annotation setup at the converter implementation.
2021-11-04 16:46:43.732  INFO 6720 --- [restartedMain] o.s.b.d.a.OptionalLiveReloadServer       : LiveReload server is running on port 35729
2021-11-04 16:46:43.794  INFO 6720 --- [restartedMain] o.s.j.e.a.AnnotationMBeanExporter        : Registering beans for JMX exposure on startup
2021-11-04 16:46:43.794  INFO 6720 --- [restartedMain] o.s.j.e.a.AnnotationMBeanExporter        : Bean with name 'schoolsDataSource' has been autodetected for JMX exposure
2021-11-04 16:46:43.810  INFO 6720 --- [restartedMain] o.s.j.e.a.AnnotationMBeanExporter        : Located MBean 'schoolsDataSource': registering with JMX server as MBean [com.zaxxer.hikari:name=schoolsDataSource,type=HikariDataSource]
2021-11-04 16:46:43.810  INFO 6720 --- [restartedMain] o.s.c.support.DefaultLifecycleProcessor  : Starting beans in phase 2147483647
2021-11-04 16:46:43.810  INFO 6720 --- [restartedMain] d.s.w.p.DocumentationPluginsBootstrapper : Context refreshed
2021-11-04 16:46:43.841  INFO 6720 --- [restartedMain] d.s.w.p.DocumentationPluginsBootstrapper : Found 1 custom documentation plugin(s)
2021-11-04 16:46:43.857  INFO 6720 --- [restartedMain] s.d.s.w.s.ApiListingReferenceScanner     : Scanning for api listing references
2021-11-04 16:46:44.091  INFO 6720 --- [restartedMain] o.s.b.w.embedded.tomcat.TomcatWebServer  : Tomcat started on port(s): 8088 (http) with context path ''
2021-11-04 16:46:44.122  INFO 6720 --- [restartedMain] c.s.SchoolmonitorApplication             : Started SchoolmonitorApplication in 11.078 seconds (JVM running for 13.563)
2021-11-04 16:48:43.249  INFO 6720 --- [http-nio-8088-exec-1] o.a.c.c.C.[Tomcat].[localhost].[/]       : Initializing Spring FrameworkServlet 'dispatcherServlet'
2021-11-04 16:48:43.250  INFO 6720 --- [http-nio-8088-exec-1] o.s.web.servlet.DispatcherServlet        : FrameworkServlet 'dispatcherServlet': initialization started
2021-11-04 16:48:43.286  INFO 6720 --- [http-nio-8088-exec-1] o.s.web.servlet.DispatcherServlet        : FrameworkServlet 'dispatcherServlet': initialization completed in 36 ms
2021-11-04 16:48:43.625  INFO 6720 --- [http-nio-8088-exec-1] com.zaxxer.hikari.HikariDataSource       : HikariPool-3 - Starting...
2021-11-04 16:48:43.628  INFO 6720 --- [http-nio-8088-exec-1] com.zaxxer.hikari.HikariDataSource       : HikariPool-3 - Start completed.
2021-11-04 17:14:13.534  INFO 6720 --- [Thread-7] ConfigServletWebServerApplicationContext : Closing org.springframework.boot.web.servlet.context.AnnotationConfigServletWebServerApplicationContext@250900c1: startup date [Thu Nov 04 16:46:33 IST 2021]; root of context hierarchy
2021-11-04 17:14:13.550  INFO 6720 --- [Thread-7] o.s.c.support.DefaultLifecycleProcessor  : Stopping beans in phase 2147483647
2021-11-04 17:14:13.566  INFO 6720 --- [Thread-7] o.s.j.e.a.AnnotationMBeanExporter        : Unregistering JMX-exposed beans on shutdown
2021-11-04 17:14:13.566  INFO 6720 --- [Thread-7] o.s.j.e.a.AnnotationMBeanExporter        : Unregistering JMX-exposed beans
2021-11-04 17:14:13.566  INFO 6720 --- [Thread-7] j.LocalContainerEntityManagerFactoryBean : Closing JPA EntityManagerFactory for persistence unit 'default'
2021-11-04 17:14:13.566  INFO 6720 --- [Thread-7] com.zaxxer.hikari.HikariDataSource       : HikariPool-2 - Shutdown initiated...
2021-11-04 17:14:13.597  INFO 6720 --- [Thread-7] com.zaxxer.hikari.HikariDataSource       : HikariPool-2 - Shutdown completed.
2021-11-04 17:14:13.597  INFO 6720 --- [Thread-7] j.LocalContainerEntityManagerFactoryBean : Closing JPA EntityManagerFactory for persistence unit 'default'
2021-11-04 17:14:14.459  INFO 6720 --- [restartedMain] c.s.SchoolmonitorApplication             : Starting SchoolmonitorApplication on LAPTOP-GDFRR80K with PID 6720 (D:\SchoolmonitorBackend\target\classes started by Prabhjeet Singh in D:\SchoolmonitorBackend)
2021-11-04 17:14:14.459  INFO 6720 --- [restartedMain] c.s.SchoolmonitorApplication             : No active profile set, falling back to default profiles: default
2021-11-04 17:14:14.475  INFO 6720 --- [restartedMain] ConfigServletWebServerApplicationContext : Refreshing org.springframework.boot.web.servlet.context.AnnotationConfigServletWebServerApplicationContext@2a706de7: startup date [Thu Nov 04 17:14:14 IST 2021]; root of context hierarchy
2021-11-04 17:14:15.693  INFO 6720 --- [restartedMain] .s.d.r.c.RepositoryConfigurationDelegate : Multiple Spring Data modules found, entering strict repository configuration mode!
2021-11-04 17:14:15.740  INFO 6720 --- [restartedMain] .s.d.r.c.RepositoryConfigurationDelegate : Multiple Spring Data modules found, entering strict repository configuration mode!
2021-11-04 17:14:15.834  INFO 6720 --- [restartedMain] .s.d.r.c.RepositoryConfigurationDelegate : Multiple Spring Data modules found, entering strict repository configuration mode!
2021-11-04 17:14:15.849  INFO 6720 --- [restartedMain] .RepositoryConfigurationExtensionSupport : Spring Data Redis - Could not safely identify store assignment for repository candidate interface com.schoolmonitor.repositories.schoolmonitor.AddressRepository.
2021-11-04 17:14:15.849  INFO 6720 --- [restartedMain] .RepositoryConfigurationExtensionSupport : Spring Data Redis - Could not safely identify store assignment for repository candidate interface com.schoolmonitor.repositories.schoolmonitor.CredentialsRepository.
2021-11-04 17:14:15.849  INFO 6720 --- [restartedMain] .RepositoryConfigurationExtensionSupport : Spring Data Redis - Could not safely identify store assignment for repository candidate interface com.schoolmonitor.repositories.schoolmonitor.SchoolSpecificesRepository.
2021-11-04 17:14:15.849  INFO 6720 --- [restartedMain] .RepositoryConfigurationExtensionSupport : Spring Data Redis - Could not safely identify store assignment for repository candidate interface com.schoolmonitor.repositories.schoolmonitor.StudentRepository.
2021-11-04 17:14:15.849  INFO 6720 --- [restartedMain] .RepositoryConfigurationExtensionSupport : Spring Data Redis - Could not safely identify store assignment for repository candidate interface com.schoolmonitor.repositories.schoolmonitor.TeachersRepository.
2021-11-04 17:14:15.849  INFO 6720 --- [restartedMain] .RepositoryConfigurationExtensionSupport : Spring Data Redis - Could not safely identify store assignment for repository candidate interface com.schoolmonitor.repositories.schools.SchoolRepository.
2021-11-04 17:14:15.849  INFO 6720 --- [restartedMain] .RepositoryConfigurationExtensionSupport : Spring Data Redis - Could not safely identify store assignment for repository candidate interface com.schoolmonitor.repositories.schools.SubscriptionRepository.
2021-11-04 17:14:16.005  INFO 6720 --- [restartedMain] trationDelegate$BeanPostProcessorChecker : Bean 'org.springframework.cache.annotation.ProxyCachingConfiguration' of type [org.springframework.cache.annotation.ProxyCachingConfiguration$$EnhancerBySpringCGLIB$$4c317245] is not eligible for getting processed by all BeanPostProcessors (for example: not eligible for auto-proxying)
2021-11-04 17:14:16.005  INFO 6720 --- [restartedMain] trationDelegate$BeanPostProcessorChecker : Bean 'org.springframework.transaction.annotation.ProxyTransactionManagementConfiguration' of type [org.springframework.transaction.annotation.ProxyTransactionManagementConfiguration$$EnhancerBySpringCGLIB$$31f3c27] is not eligible for getting processed by all BeanPostProcessors (for example: not eligible for auto-proxying)
2021-11-04 17:14:16.387  INFO 6720 --- [restartedMain] o.s.b.w.embedded.tomcat.TomcatWebServer  : Tomcat initialized with port(s): 8088 (http)
2021-11-04 17:14:16.387  INFO 6720 --- [restartedMain] o.apache.catalina.core.StandardService   : Starting service [Tomcat]
2021-11-04 17:14:16.387  INFO 6720 --- [restartedMain] org.apache.catalina.core.StandardEngine  : Starting Servlet Engine: Apache Tomcat/8.5.31
2021-11-04 17:14:16.449  INFO 6720 --- [localhost-startStop-1] o.a.c.c.C.[Tomcat].[localhost].[/]       : Initializing Spring embedded WebApplicationContext
2021-11-04 17:14:16.449  INFO 6720 --- [localhost-startStop-1] o.s.web.context.ContextLoader            : Root WebApplicationContext: initialization completed in 1974 ms
2021-11-04 17:14:16.637  INFO 6720 --- [localhost-startStop-1] j.LocalContainerEntityManagerFactoryBean : Building JPA container EntityManagerFactory for persistence unit 'default'
2021-11-04 17:14:16.637  INFO 6720 --- [localhost-startStop-1] o.hibernate.jpa.internal.util.LogHelper  : HHH000204: Processing PersistenceUnitInfo [
	name: default
	...]
2021-11-04 17:14:16.668  INFO 6720 --- [localhost-startStop-1] com.zaxxer.hikari.HikariDataSource       : HikariPool-4 - Starting...
2021-11-04 17:14:16.684  INFO 6720 --- [localhost-startStop-1] com.zaxxer.hikari.HikariDataSource       : HikariPool-4 - Start completed.
2021-11-04 17:14:16.684  INFO 6720 --- [localhost-startStop-1] org.hibernate.dialect.Dialect            : HHH000400: Using dialect: org.hibernate.dialect.MySQL5InnoDBDialect
2021-11-04 17:14:16.809  INFO 6720 --- [localhost-startStop-1] o.h.h.i.QueryTranslatorFactoryInitiator  : HHH000397: Using ASTQueryTranslatorFactory
2021-11-04 17:14:16.809  INFO 6720 --- [localhost-startStop-1] j.LocalContainerEntityManagerFactoryBean : Initialized JPA EntityManagerFactory for persistence unit 'default'
2021-11-04 17:14:16.887  INFO 6720 --- [localhost-startStop-1] com.zaxxer.hikari.HikariDataSource       : HikariPool-5 - Starting...
2021-11-04 17:14:16.887  INFO 6720 --- [localhost-startStop-1] com.zaxxer.hikari.HikariDataSource       : HikariPool-5 - Start completed.
2021-11-04 17:14:16.902  INFO 6720 --- [localhost-startStop-1] j.LocalContainerEntityManagerFactoryBean : Building JPA container EntityManagerFactory for persistence unit 'default'
2021-11-04 17:14:16.902  INFO 6720 --- [localhost-startStop-1] o.hibernate.jpa.internal.util.LogHelper  : HHH000204: Processing PersistenceUnitInfo [
	name: default
	...]
2021-11-04 17:14:16.934  INFO 6720 --- [localhost-startStop-1] org.hibernate.dialect.Dialect            : HHH000400: Using dialect: org.hibernate.dialect.MySQL5InnoDBDialect
2021-11-04 17:14:16.980  INFO 6720 --- [localhost-startStop-1] o.h.h.i.QueryTranslatorFactoryInitiator  : HHH000397: Using ASTQueryTranslatorFactory
2021-11-04 17:14:16.980  INFO 6720 --- [localhost-startStop-1] j.LocalContainerEntityManagerFactoryBean : Initialized JPA EntityManagerFactory for persistence unit 'default'
2021-11-04 17:14:17.308  INFO 6720 --- [localhost-startStop-1] o.s.b.w.servlet.FilterRegistrationBean   : Mapping filter: 'characterEncodingFilter' to: [/*]
2021-11-04 17:14:17.322  INFO 6720 --- [localhost-startStop-1] o.s.b.w.servlet.FilterRegistrationBean   : Mapping filter: 'hiddenHttpMethodFilter' to: [/*]
2021-11-04 17:14:17.322  INFO 6720 --- [localhost-startStop-1] o.s.b.w.servlet.FilterRegistrationBean   : Mapping filter: 'httpPutFormContentFilter' to: [/*]
2021-11-04 17:14:17.322  INFO 6720 --- [localhost-startStop-1] o.s.b.w.servlet.FilterRegistrationBean   : Mapping filter: 'requestContextFilter' to: [/*]
2021-11-04 17:14:17.322  INFO 6720 --- [localhost-startStop-1] .s.DelegatingFilterProxyRegistrationBean : Mapping filter: 'springSecurityFilterChain' to: [/*]
2021-11-04 17:14:17.322  INFO 6720 --- [localhost-startStop-1] o.s.b.w.servlet.FilterRegistrationBean   : Mapping filter: 'jwtTokenFilter' to: [/*]
2021-11-04 17:14:17.322  INFO 6720 --- [localhost-startStop-1] o.s.b.w.servlet.ServletRegistrationBean  : Servlet dispatcherServlet mapped to [/]
2021-11-04 17:14:17.322  INFO 6720 --- [localhost-startStop-1] o.s.b.w.servlet.ServletRegistrationBean  : Servlet webServlet mapped to [/h2-console/*]
2021-11-04 17:14:17.355 DEBUG 6720 --- [restartedMain] o.s.c.a.AnnotationCacheOperationSource   : Adding cacheable method 'searchOnlineCoursework' with attribute: [Builder[public java.lang.Object com.schoolmonitor.service.OnlineCourseworkServiceImpl.searchOnlineCoursework(com.schoolmonitor.model.SearchInputModel) throws java.io.IOException] caches=[searchCache] | key='#root.args[0].searchTerm.concat('-').concat(#root.args[0].currentPage)' | keyGenerator='' | cacheManager='schoolmonitorCacheManager' | cacheResolver='' | condition='' | unless='' | sync='false']
2021-11-04 17:14:17.793  WARN 6720 --- [restartedMain] aWebConfiguration$JpaWebMvcConfiguration : spring.jpa.open-in-view is enabled by default. Therefore, database queries may be performed during view rendering. Explicitly configure spring.jpa.open-in-view to disable this warning
2021-11-04 17:14:17.824  INFO 6720 --- [restartedMain] s.w.s.m.m.a.RequestMappingHandlerMapping : Mapped "{[/schoolmonitor/searchOnlineCoursework],methods=[POST],headers=[Authorization]}" onto public org.springframework.http.ResponseEntity<?> com.schoolmonitor.controller.OnlineCourseworkController.searchOnlineCoursework(com.schoolmonitor.model.SearchInputModel) throws java.io.IOException
2021-11-04 17:14:17.824  INFO 6720 --- [restartedMain] s.w.s.m.m.a.RequestMappingHandlerMapping : Mapped "{[/schoolmonitor/schoolDomains],methods=[GET]}" onto public org.springframework.http.ResponseEntity<?> com.schoolmonitor.controller.SchoolsController.studentDataUpload()
2021-11-04 17:14:17.824  INFO 6720 --- [restartedMain] s.w.s.m.m.a.RequestMappingHandlerMapping : Mapped "{[/schoolmonitor/studentDataUpload],methods=[POST],headers=[Authorization],consumes=[multipart/form-data]}" onto public org.springframework.http.ResponseEntity<?> com.schoolmonitor.controller.StudentDataUploadController.studentDataUpload(org.springframework.web.multipart.MultipartFile)
2021-11-04 17:14:17.824  INFO 6720 --- [restartedMain] s.w.s.m.m.a.RequestMappingHandlerMapping : Mapped "{[/auth/signin],methods=[POST]}" onto public org.springframework.http.ResponseEntity<?> com.schoolmonitor.security.AuthController.signin(com.schoolmonitor.security.AuthenticationRequest,org.apache.catalina.servlet4preview.http.HttpServletRequest)
2021-11-04 17:14:17.824  INFO 6720 --- [restartedMain] s.w.s.m.m.a.RequestMappingHandlerMapping : Mapped "{[/auth/changePassword],methods=[POST]}" onto public org.springframework.http.ResponseEntity<?> com.schoolmonitor.security.AuthController.changePassword(com.schoolmonitor.model.ChangePasswordDTO) throws javax.mail.SendFailedException
2021-11-04 17:14:17.824  INFO 6720 --- [restartedMain] s.w.s.m.m.a.RequestMappingHandlerMapping : Mapped "{[/auth/OneTimePassword],methods=[POST]}" onto public org.springframework.http.ResponseEntity<?> com.schoolmonitor.security.AuthController.verifyEmailAndSendOTP(com.schoolmonitor.model.PasswordRecoveryDTO) throws javax.mail.SendFailedException
2021-11-04 17:14:17.824  INFO 6720 --- [restartedMain] s.w.s.m.m.a.RequestMappingHandlerMapping : Mapped "{[/swagger-resources]}" onto public org.springframework.http.ResponseEntity<java.util.List<springfox.documentation.swagger.web.SwaggerResource>> springfox.documentation.swagger.web.ApiResourceController.swaggerResources()
2021-11-04 17:14:17.824  INFO 6720 --- [restartedMain] s.w.s.m.m.a.RequestMappingHandlerMapping : Mapped "{[/swagger-resources/configuration/ui]}" onto public org.springframework.http.ResponseEntity<springfox.documentation.swagger.web.UiConfiguration> springfox.documentation.swagger.web.ApiResourceController.uiConfiguration()
2021-11-04 17:14:17.839  INFO 6720 --- [restartedMain] s.w.s.m.m.a.RequestMappingHandlerMapping : Mapped "{[/swagger-resources/configuration/security]}" onto public org.springframework.http.ResponseEntity<springfox.documentation.swagger.web.SecurityConfiguration> springfox.documentation.swagger.web.ApiResourceController.securityConfiguration()
2021-11-04 17:14:17.839  INFO 6720 --- [restartedMain] s.w.s.m.m.a.RequestMappingHandlerMapping : Mapped "{[/error]}" onto public org.springframework.http.ResponseEntity<java.util.Map<java.lang.String, java.lang.Object>> org.springframework.boot.autoconfigure.web.servlet.error.BasicErrorController.error(javax.servlet.http.HttpServletRequest)
2021-11-04 17:14:17.839  INFO 6720 --- [restartedMain] s.w.s.m.m.a.RequestMappingHandlerMapping : Mapped "{[/error],produces=[text/html]}" onto public org.springframework.web.servlet.ModelAndView org.springframework.boot.autoconfigure.web.servlet.error.BasicErrorController.errorHtml(javax.servlet.http.HttpServletRequest,javax.servlet.http.HttpServletResponse)
2021-11-04 17:14:17.949  INFO 6720 --- [restartedMain] pertySourcedRequestMappingHandlerMapping : Mapped URL path [/v2/api-docs] onto method [public org.springframework.http.ResponseEntity<springfox.documentation.spring.web.json.Json> springfox.documentation.swagger2.web.Swagger2Controller.getDocumentation(java.lang.String,javax.servlet.http.HttpServletRequest)]
2021-11-04 17:14:18.027  INFO 6720 --- [restartedMain] o.s.s.web.DefaultSecurityFilterChain     : Creating filter chain: org.springframework.security.web.util.matcher.AnyRequestMatcher@1, [org.springframework.security.web.context.request.async.WebAsyncManagerIntegrationFilter@7239d81d, org.springframework.security.web.context.SecurityContextPersistenceFilter@296298b8, org.springframework.security.web.header.HeaderWriterFilter@16d75ff5, org.springframework.web.filter.CorsFilter@2866e81e, org.springframework.security.web.authentication.logout.LogoutFilter@57215e4a, com.schoolmonitor.security.JwtTokenFilter@3585156a, org.springframework.security.web.savedrequest.RequestCacheAwareFilter@571a0ad4, org.springframework.security.web.servletapi.SecurityContextHolderAwareRequestFilter@7b1ecf35, org.springframework.security.web.authentication.AnonymousAuthenticationFilter@dd1011c, org.springframework.security.web.session.SessionManagementFilter@743b1501, org.springframework.security.web.access.ExceptionTranslationFilter@3a4889c1, org.springframework.security.web.access.intercept.FilterSecurityInterceptor@559dae28]
2021-11-04 17:14:18.058  INFO 6720 --- [restartedMain] o.s.w.s.handler.SimpleUrlHandlerMapping  : Mapped URL path [/**/favicon.ico] onto handler of type [class org.springframework.web.servlet.resource.ResourceHttpRequestHandler]
2021-11-04 17:14:18.136  INFO 6720 --- [restartedMain] s.w.s.m.m.a.RequestMappingHandlerAdapter : Looking for @ControllerAdvice: org.springframework.boot.web.servlet.context.AnnotationConfigServletWebServerApplicationContext@2a706de7: startup date [Thu Nov 04 17:14:14 IST 2021]; root of context hierarchy
2021-11-04 17:14:18.167  INFO 6720 --- [restartedMain] o.s.w.s.handler.SimpleUrlHandlerMapping  : Mapped URL path [/webjars/**] onto handler of type [class org.springframework.web.servlet.resource.ResourceHttpRequestHandler]
2021-11-04 17:14:18.167  INFO 6720 --- [restartedMain] o.s.w.s.handler.SimpleUrlHandlerMapping  : Mapped URL path [/**] onto handler of type [class org.springframework.web.servlet.resource.ResourceHttpRequestHandler]
2021-11-04 17:14:18.183  INFO 6720 --- [restartedMain] .m.m.a.ExceptionHandlerExceptionResolver : Detected @ExceptionHandler methods in globalExceptionHandler
2021-11-04 17:14:18.199  INFO 6720 --- [restartedMain] o.s.b.a.w.s.WelcomePageHandlerMapping    : Adding welcome page: class path resource [static/index.html]
2021-11-04 17:14:18.277  WARN 6720 --- [restartedMain] o.s.data.convert.CustomConversions       : Registering converter from class org.joda.time.LocalDateTime to class java.time.LocalDateTime as reading converter although it doesn't convert from a store-supported type! You might wanna check you annotation setup at the converter implementation.
2021-11-04 17:14:18.292  WARN 6720 --- [restartedMain] o.s.data.convert.CustomConversions       : Registering converter from class org.joda.time.LocalDateTime to class java.time.LocalDateTime as reading converter although it doesn't convert from a store-supported type! You might wanna check you annotation setup at the converter implementation.
2021-11-04 17:14:18.371  INFO 6720 --- [restartedMain] o.s.b.d.a.OptionalLiveReloadServer       : LiveReload server is running on port 35729
2021-11-04 17:14:18.411  INFO 6720 --- [restartedMain] o.s.j.e.a.AnnotationMBeanExporter        : Registering beans for JMX exposure on startup
2021-11-04 17:14:18.411  INFO 6720 --- [restartedMain] o.s.j.e.a.AnnotationMBeanExporter        : Bean with name 'schoolsDataSource' has been autodetected for JMX exposure
2021-11-04 17:14:18.411  INFO 6720 --- [restartedMain] o.s.j.e.a.AnnotationMBeanExporter        : Located MBean 'schoolsDataSource': registering with JMX server as MBean [com.zaxxer.hikari:name=schoolsDataSource,type=HikariDataSource]
2021-11-04 17:14:18.427  INFO 6720 --- [restartedMain] o.s.c.support.DefaultLifecycleProcessor  : Starting beans in phase 2147483647
2021-11-04 17:14:18.427  INFO 6720 --- [restartedMain] d.s.w.p.DocumentationPluginsBootstrapper : Context refreshed
2021-11-04 17:14:18.427  INFO 6720 --- [restartedMain] d.s.w.p.DocumentationPluginsBootstrapper : Found 1 custom documentation plugin(s)
2021-11-04 17:14:18.427  INFO 6720 --- [restartedMain] s.d.s.w.s.ApiListingReferenceScanner     : Scanning for api listing references
2021-11-04 17:14:18.490  INFO 6720 --- [restartedMain] o.s.b.w.embedded.tomcat.TomcatWebServer  : Tomcat started on port(s): 8088 (http) with context path ''
2021-11-04 17:14:18.490  INFO 6720 --- [restartedMain] c.s.SchoolmonitorApplication             : Started SchoolmonitorApplication in 4.094 seconds (JVM running for 1667.938)
2021-11-04 17:14:18.708  INFO 6720 --- [restartedMain] .ConditionEvaluationDeltaLoggingListener : Condition evaluation unchanged
2021-11-04 17:14:20.712  INFO 6720 --- [RMI TCP Connection(40)-127.0.0.1] inMXBeanRegistrar$SpringApplicationAdmin : Application shutdown requested.
2021-11-04 17:14:20.713  INFO 6720 --- [RMI TCP Connection(40)-127.0.0.1] ConfigServletWebServerApplicationContext : Closing org.springframework.boot.web.servlet.context.AnnotationConfigServletWebServerApplicationContext@2a706de7: startup date [Thu Nov 04 17:14:14 IST 2021]; root of context hierarchy
2021-11-04 17:14:20.715  INFO 6720 --- [RMI TCP Connection(40)-127.0.0.1] o.s.c.support.DefaultLifecycleProcessor  : Stopping beans in phase 2147483647
2021-11-04 17:14:20.715  INFO 6720 --- [RMI TCP Connection(40)-127.0.0.1] o.s.j.e.a.AnnotationMBeanExporter        : Unregistering JMX-exposed beans on shutdown
2021-11-04 17:14:20.715  INFO 6720 --- [RMI TCP Connection(40)-127.0.0.1] o.s.j.e.a.AnnotationMBeanExporter        : Unregistering JMX-exposed beans
2021-11-04 17:14:20.715  INFO 6720 --- [RMI TCP Connection(40)-127.0.0.1] j.LocalContainerEntityManagerFactoryBean : Closing JPA EntityManagerFactory for persistence unit 'default'
2021-11-04 17:14:20.715  INFO 6720 --- [RMI TCP Connection(40)-127.0.0.1] com.zaxxer.hikari.HikariDataSource       : HikariPool-5 - Shutdown initiated...
2021-11-04 17:14:20.731  INFO 6720 --- [RMI TCP Connection(40)-127.0.0.1] com.zaxxer.hikari.HikariDataSource       : HikariPool-5 - Shutdown completed.
2021-11-04 17:14:20.731  INFO 6720 --- [RMI TCP Connection(40)-127.0.0.1] j.LocalContainerEntityManagerFactoryBean : Closing JPA EntityManagerFactory for persistence unit 'default'
